2021-10-06 07:45:07.643  INFO 1256 --- [main] lavalink.server.Launcher                 : 

[32m       .  [31m _                  _ _       _    [32m__ _ _
[32m      /\\ [31m| | __ ___   ____ _| (_)_ __ | | __[32m\ \ \ \
[32m     ( ( )[31m| |/ _` \ \ / / _` | | | '_ \| |/ /[32m \ \ \ \
[32m      \\/ [31m| | (_| |\ V / (_| | | | | | |   < [32m  ) ) ) )
[32m       '  [31m|_|\__,_| \_/ \__,_|_|_|_| |_|_|\_\[32m / / / /
[0m    =========================================[32m/_/_/_/[0m

	Version:        44fcfdf945fc6cd9ce6c96480d3b7dc098897a51-SNAPSHOT
	Build:          Unofficial
	Build time:     01.04.2021 09:53:06 UTC
	Branch          dev
	Commit:         44fcfdf
	Commit time:    01.04.2021 08:19:05 UTC
	JVM:            16.0.2
	Lavaplayer      1.3.74

2021-10-06 07:45:07.729  INFO 1256 --- [main] lavalink.server.Launcher                 : Starting Launcher on DESKTOP-HUO1T7O with PID 1256 (C:\Users\Jamaika\Desktop\Groot Reborn\Lavalink.jar started by Jamaika in C:\Users\Jamaika\Desktop\Groot Reborn)
2021-10-06 07:45:07.729  INFO 1256 --- [main] lavalink.server.Launcher                 : No active profile set, falling back to default profiles: default
2021-10-06 07:45:07.739  WARN 1256 --- [background-preinit] o.s.h.c.j.Jackson2ObjectMapperBuilder    : For Jackson Kotlin classes support please add "com.fasterxml.jackson.module:jackson-module-kotlin" to the classpath
2021-10-06 07:45:08.804  WARN 1256 --- [main] io.undertow.websockets.jsr               : UT026010: Buffer pool was not set on WebSocketDeploymentInfo, the default pool will be used
2021-10-06 07:45:08.835  INFO 1256 --- [main] io.undertow.servlet                      : Initializing Spring embedded WebApplicationContext
2021-10-06 07:45:08.835  INFO 1256 --- [main] o.s.web.context.ContextLoader            : Root WebApplicationContext: initialization completed in 1064 ms
2021-10-06 07:45:09.132  WARN 1256 --- [main] l.server.config.SentryConfiguration      : Turning off sentry
2021-10-06 07:45:09.444  INFO 1256 --- [main] c.s.d.l.tools.GarbageCollectionMonitor   : GC monitoring enabled, reporting results every 2 minutes.
2021-10-06 07:45:09.616  INFO 1256 --- [main] lavalink.server.config.KoeConfiguration  : OS: Windows 10, Arch: amd64
2021-10-06 07:45:09.616  WARN 1256 --- [main] lavalink.server.config.KoeConfiguration  : This system and architecture appears to not support native audio sending! GC pauses may cause your bot to stutter during playback.
2021-10-06 07:45:09.835  INFO 1256 --- [main] o.s.s.concurrent.ThreadPoolTaskExecutor  : Initializing ExecutorService 'applicationTaskExecutor'
2021-10-06 07:45:10.118  INFO 1256 --- [main] org.xnio                                 : XNIO version 3.3.8.Final
2021-10-06 07:45:10.118  INFO 1256 --- [main] org.xnio.nio                             : XNIO NIO Implementation Version 3.3.8.Final
2021-10-06 07:45:10.178  INFO 1256 --- [main] o.s.b.w.e.u.UndertowServletWebServer     : Undertow started on port(s) 2333 (http) with context path ''
2021-10-06 07:45:10.194  INFO 1256 --- [main] lavalink.server.Launcher                 : Started Launcher in 3.045 seconds (JVM running for 3.778)
2021-10-06 07:45:10.194  INFO 1256 --- [main] lavalink.server.Launcher                 : You can safely ignore the big red warning about illegal reflection. See https://github.com/Frederikam/Lavalink/issues/295
2021-10-06 07:47:30.398  INFO 5076 --- [main] lavalink.server.Launcher                 : 

[32m       .  [31m _                  _ _       _    [32m__ _ _
[32m      /\\ [31m| | __ ___   ____ _| (_)_ __ | | __[32m\ \ \ \
[32m     ( ( )[31m| |/ _` \ \ / / _` | | | '_ \| |/ /[32m \ \ \ \
[32m      \\/ [31m| | (_| |\ V / (_| | | | | | |   < [32m  ) ) ) )
[32m       '  [31m|_|\__,_| \_/ \__,_|_|_|_| |_|_|\_\[32m / / / /
[0m    =========================================[32m/_/_/_/[0m

	Version:        44fcfdf945fc6cd9ce6c96480d3b7dc098897a51-SNAPSHOT
	Build:          Unofficial
	Build time:     01.04.2021 09:53:06 UTC
	Branch          dev
	Commit:         44fcfdf
	Commit time:    01.04.2021 08:19:05 UTC
	JVM:            16.0.2
	Lavaplayer      1.3.74

2021-10-06 07:47:30.507  INFO 5076 --- [main] lavalink.server.Launcher                 : Starting Launcher on DESKTOP-HUO1T7O with PID 5076 (C:\Users\Jamaika\Desktop\Groot Reborn\Lavalink.jar started by Jamaika in C:\Users\Jamaika\Desktop\Groot Reborn)
2021-10-06 07:47:30.508  INFO 5076 --- [main] lavalink.server.Launcher                 : No active profile set, falling back to default profiles: default
2021-10-06 07:47:30.619  WARN 5076 --- [background-preinit] o.s.h.c.j.Jackson2ObjectMapperBuilder    : For Jackson Kotlin classes support please add "com.fasterxml.jackson.module:jackson-module-kotlin" to the classpath
2021-10-06 07:47:31.703  WARN 5076 --- [main] io.undertow.websockets.jsr               : UT026010: Buffer pool was not set on WebSocketDeploymentInfo, the default pool will be used
2021-10-06 07:47:31.735  INFO 5076 --- [main] io.undertow.servlet                      : Initializing Spring embedded WebApplicationContext
2021-10-06 07:47:31.735  INFO 5076 --- [main] o.s.web.context.ContextLoader            : Root WebApplicationContext: initialization completed in 1173 ms
2021-10-06 07:47:32.103  WARN 5076 --- [main] l.server.config.SentryConfiguration      : Turning off sentry
2021-10-06 07:47:32.397  INFO 5076 --- [main] c.s.d.l.tools.GarbageCollectionMonitor   : GC monitoring enabled, reporting results every 2 minutes.
2021-10-06 07:47:32.605  INFO 5076 --- [main] lavalink.server.config.KoeConfiguration  : OS: Windows 10, Arch: amd64
2021-10-06 07:47:32.606  WARN 5076 --- [main] lavalink.server.config.KoeConfiguration  : This system and architecture appears to not support native audio sending! GC pauses may cause your bot to stutter during playback.
2021-10-06 07:47:32.835  INFO 5076 --- [main] o.s.s.concurrent.ThreadPoolTaskExecutor  : Initializing ExecutorService 'applicationTaskExecutor'
2021-10-06 07:47:33.149  INFO 5076 --- [main] org.xnio                                 : XNIO version 3.3.8.Final
2021-10-06 07:47:33.160  INFO 5076 --- [main] org.xnio.nio                             : XNIO NIO Implementation Version 3.3.8.Final
2021-10-06 07:47:33.221  INFO 5076 --- [main] o.s.b.w.e.u.UndertowServletWebServer     : Undertow started on port(s) 2333 (http) with context path ''
2021-10-06 07:47:33.226  INFO 5076 --- [main] lavalink.server.Launcher                 : Started Launcher in 3.33 seconds (JVM running for 3.832)
2021-10-06 07:47:33.228  INFO 5076 --- [main] lavalink.server.Launcher                 : You can safely ignore the big red warning about illegal reflection. See https://github.com/Frederikam/Lavalink/issues/295
2021-10-06 07:49:42.601  INFO 11456 --- [main] lavalink.server.Launcher                 : 

[32m       .  [31m _                  _ _       _    [32m__ _ _
[32m      /\\ [31m| | __ ___   ____ _| (_)_ __ | | __[32m\ \ \ \
[32m     ( ( )[31m| |/ _` \ \ / / _` | | | '_ \| |/ /[32m \ \ \ \
[32m      \\/ [31m| | (_| |\ V / (_| | | | | | |   < [32m  ) ) ) )
[32m       '  [31m|_|\__,_| \_/ \__,_|_|_|_| |_|_|\_\[32m / / / /
[0m    =========================================[32m/_/_/_/[0m

	Version:        44fcfdf945fc6cd9ce6c96480d3b7dc098897a51-SNAPSHOT
	Build:          Unofficial
	Build time:     01.04.2021 09:53:06 UTC
	Branch          dev
	Commit:         44fcfdf
	Commit time:    01.04.2021 08:19:05 UTC
	JVM:            16.0.2
	Lavaplayer      1.3.74

2021-10-06 07:49:42.707  INFO 11456 --- [main] lavalink.server.Launcher                 : Starting Launcher on DESKTOP-HUO1T7O with PID 11456 (C:\Users\Jamaika\Desktop\Groot Reborn\Lavalink.jar started by Jamaika in C:\Users\Jamaika\Desktop\Groot Reborn)
2021-10-06 07:49:42.708  INFO 11456 --- [main] lavalink.server.Launcher                 : No active profile set, falling back to default profiles: default
2021-10-06 07:49:42.838  WARN 11456 --- [background-preinit] o.s.h.c.j.Jackson2ObjectMapperBuilder    : For Jackson Kotlin classes support please add "com.fasterxml.jackson.module:jackson-module-kotlin" to the classpath
2021-10-06 07:49:43.894  WARN 11456 --- [main] io.undertow.websockets.jsr               : UT026010: Buffer pool was not set on WebSocketDeploymentInfo, the default pool will be used
2021-10-06 07:49:43.930  INFO 11456 --- [main] io.undertow.servlet                      : Initializing Spring embedded WebApplicationContext
2021-10-06 07:49:43.931  INFO 11456 --- [main] o.s.web.context.ContextLoader            : Root WebApplicationContext: initialization completed in 1175 ms
2021-10-06 07:49:44.327  WARN 11456 --- [main] l.server.config.SentryConfiguration      : Turning off sentry
2021-10-06 07:49:44.608  INFO 11456 --- [main] c.s.d.l.tools.GarbageCollectionMonitor   : GC monitoring enabled, reporting results every 2 minutes.
2021-10-06 07:49:44.819  INFO 11456 --- [main] lavalink.server.config.KoeConfiguration  : OS: Windows 10, Arch: amd64
2021-10-06 07:49:44.819  WARN 11456 --- [main] lavalink.server.config.KoeConfiguration  : This system and architecture appears to not support native audio sending! GC pauses may cause your bot to stutter during playback.
2021-10-06 07:49:45.056  INFO 11456 --- [main] o.s.s.concurrent.ThreadPoolTaskExecutor  : Initializing ExecutorService 'applicationTaskExecutor'
2021-10-06 07:49:45.380  INFO 11456 --- [main] org.xnio                                 : XNIO version 3.3.8.Final
2021-10-06 07:49:45.393  INFO 11456 --- [main] org.xnio.nio                             : XNIO NIO Implementation Version 3.3.8.Final
2021-10-06 07:49:45.465  INFO 11456 --- [main] o.s.b.w.e.u.UndertowServletWebServer     : Undertow started on port(s) 2333 (http) with context path ''
2021-10-06 07:49:45.469  INFO 11456 --- [main] lavalink.server.Launcher                 : Started Launcher in 3.341 seconds (JVM running for 3.853)
2021-10-06 07:49:45.472  INFO 11456 --- [main] lavalink.server.Launcher                 : You can safely ignore the big red warning about illegal reflection. See https://github.com/Frederikam/Lavalink/issues/295
2021-10-06 07:51:35.726  INFO 8360 --- [main] lavalink.server.Launcher                 : 

[32m       .  [31m _                  _ _       _    [32m__ _ _
[32m      /\\ [31m| | __ ___   ____ _| (_)_ __ | | __[32m\ \ \ \
[32m     ( ( )[31m| |/ _` \ \ / / _` | | | '_ \| |/ /[32m \ \ \ \
[32m      \\/ [31m| | (_| |\ V / (_| | | | | | |   < [32m  ) ) ) )
[32m       '  [31m|_|\__,_| \_/ \__,_|_|_|_| |_|_|\_\[32m / / / /
[0m    =========================================[32m/_/_/_/[0m

	Version:        44fcfdf945fc6cd9ce6c96480d3b7dc098897a51-SNAPSHOT
	Build:          Unofficial
	Build time:     01.04.2021 09:53:06 UTC
	Branch          dev
	Commit:         44fcfdf
	Commit time:    01.04.2021 08:19:05 UTC
	JVM:            16.0.2
	Lavaplayer      1.3.74

2021-10-06 07:51:35.842  INFO 8360 --- [main] lavalink.server.Launcher                 : Starting Launcher on DESKTOP-HUO1T7O with PID 8360 (C:\Users\Jamaika\Desktop\Groot Reborn\Lavalink.jar started by Jamaika in C:\Users\Jamaika\Desktop\Groot Reborn)
2021-10-06 07:51:35.843  INFO 8360 --- [main] lavalink.server.Launcher                 : No active profile set, falling back to default profiles: default
2021-10-06 07:51:35.955  WARN 8360 --- [background-preinit] o.s.h.c.j.Jackson2ObjectMapperBuilder    : For Jackson Kotlin classes support please add "com.fasterxml.jackson.module:jackson-module-kotlin" to the classpath
2021-10-06 07:51:37.043  WARN 8360 --- [main] io.undertow.websockets.jsr               : UT026010: Buffer pool was not set on WebSocketDeploymentInfo, the default pool will be used
2021-10-06 07:51:37.077  INFO 8360 --- [main] io.undertow.servlet                      : Initializing Spring embedded WebApplicationContext
2021-10-06 07:51:37.077  INFO 8360 --- [main] o.s.web.context.ContextLoader            : Root WebApplicationContext: initialization completed in 1187 ms
2021-10-06 07:51:37.449  WARN 8360 --- [main] l.server.config.SentryConfiguration      : Turning off sentry
2021-10-06 07:51:37.715  INFO 8360 --- [main] c.s.d.l.tools.GarbageCollectionMonitor   : GC monitoring enabled, reporting results every 2 minutes.
2021-10-06 07:51:37.925  INFO 8360 --- [main] lavalink.server.config.KoeConfiguration  : OS: Windows 10, Arch: amd64
2021-10-06 07:51:37.926  WARN 8360 --- [main] lavalink.server.config.KoeConfiguration  : This system and architecture appears to not support native audio sending! GC pauses may cause your bot to stutter during playback.
2021-10-06 07:51:38.156  INFO 8360 --- [main] o.s.s.concurrent.ThreadPoolTaskExecutor  : Initializing ExecutorService 'applicationTaskExecutor'
2021-10-06 07:51:38.547  INFO 8360 --- [main] org.xnio                                 : XNIO version 3.3.8.Final
2021-10-06 07:51:38.562  INFO 8360 --- [main] org.xnio.nio                             : XNIO NIO Implementation Version 3.3.8.Final
2021-10-06 07:51:38.644  INFO 8360 --- [main] o.s.b.w.e.u.UndertowServletWebServer     : Undertow started on port(s) 2333 (http) with context path ''
2021-10-06 07:51:38.650  INFO 8360 --- [main] lavalink.server.Launcher                 : Started Launcher in 3.434 seconds (JVM running for 3.943)
2021-10-06 07:51:38.652  INFO 8360 --- [main] lavalink.server.Launcher                 : You can safely ignore the big red warning about illegal reflection. See https://github.com/Frederikam/Lavalink/issues/295
2021-10-06 07:57:53.421  INFO 11888 --- [main] lavalink.server.Launcher                 : 

[32m       .  [31m _                  _ _       _    [32m__ _ _
[32m      /\\ [31m| | __ ___   ____ _| (_)_ __ | | __[32m\ \ \ \
[32m     ( ( )[31m| |/ _` \ \ / / _` | | | '_ \| |/ /[32m \ \ \ \
[32m      \\/ [31m| | (_| |\ V / (_| | | | | | |   < [32m  ) ) ) )
[32m       '  [31m|_|\__,_| \_/ \__,_|_|_|_| |_|_|\_\[32m / / / /
[0m    =========================================[32m/_/_/_/[0m

	Version:        44fcfdf945fc6cd9ce6c96480d3b7dc098897a51-SNAPSHOT
	Build:          Unofficial
	Build time:     01.04.2021 09:53:06 UTC
	Branch          dev
	Commit:         44fcfdf
	Commit time:    01.04.2021 08:19:05 UTC
	JVM:            16.0.2
	Lavaplayer      1.3.74

2021-10-06 07:57:53.527  INFO 11888 --- [main] lavalink.server.Launcher                 : Starting Launcher on DESKTOP-HUO1T7O with PID 11888 (C:\Users\Jamaika\Desktop\Groot Reborn\Lavalink.jar started by Jamaika in C:\Users\Jamaika\Desktop\Groot Reborn)
2021-10-06 07:57:53.528  INFO 11888 --- [main] lavalink.server.Launcher                 : No active profile set, falling back to default profiles: default
2021-10-06 07:57:53.655  WARN 11888 --- [background-preinit] o.s.h.c.j.Jackson2ObjectMapperBuilder    : For Jackson Kotlin classes support please add "com.fasterxml.jackson.module:jackson-module-kotlin" to the classpath
2021-10-06 07:57:54.781  WARN 11888 --- [main] io.undertow.websockets.jsr               : UT026010: Buffer pool was not set on WebSocketDeploymentInfo, the default pool will be used
2021-10-06 07:57:54.847  INFO 11888 --- [main] io.undertow.servlet                      : Initializing Spring embedded WebApplicationContext
2021-10-06 07:57:54.848  INFO 11888 --- [main] o.s.web.context.ContextLoader            : Root WebApplicationContext: initialization completed in 1265 ms
2021-10-06 07:57:55.227  WARN 11888 --- [main] l.server.config.SentryConfiguration      : Turning off sentry
2021-10-06 07:57:55.599  INFO 11888 --- [main] c.s.d.l.tools.GarbageCollectionMonitor   : GC monitoring enabled, reporting results every 2 minutes.
2021-10-06 07:57:55.882  INFO 11888 --- [main] lavalink.server.config.KoeConfiguration  : OS: Windows 10, Arch: amd64
2021-10-06 07:57:55.882  WARN 11888 --- [main] lavalink.server.config.KoeConfiguration  : This system and architecture appears to not support native audio sending! GC pauses may cause your bot to stutter during playback.
2021-10-06 07:57:56.322  INFO 11888 --- [main] o.s.s.concurrent.ThreadPoolTaskExecutor  : Initializing ExecutorService 'applicationTaskExecutor'
2021-10-06 07:57:56.730  INFO 11888 --- [main] org.xnio                                 : XNIO version 3.3.8.Final
2021-10-06 07:57:56.754  INFO 11888 --- [main] org.xnio.nio                             : XNIO NIO Implementation Version 3.3.8.Final
2021-10-06 07:57:56.844  INFO 11888 --- [main] o.s.b.w.e.u.UndertowServletWebServer     : Undertow started on port(s) 2333 (http) with context path ''
2021-10-06 07:57:56.849  INFO 11888 --- [main] lavalink.server.Launcher                 : Started Launcher in 3.957 seconds (JVM running for 4.486)
2021-10-06 07:57:56.852  INFO 11888 --- [main] lavalink.server.Launcher                 : You can safely ignore the big red warning about illegal reflection. See https://github.com/Frederikam/Lavalink/issues/295
2021-10-06 08:15:54.546  INFO 13396 --- [main] lavalink.server.Launcher                 : 

[32m       .  [31m _                  _ _       _    [32m__ _ _
[32m      /\\ [31m| | __ ___   ____ _| (_)_ __ | | __[32m\ \ \ \
[32m     ( ( )[31m| |/ _` \ \ / / _` | | | '_ \| |/ /[32m \ \ \ \
[32m      \\/ [31m| | (_| |\ V / (_| | | | | | |   < [32m  ) ) ) )
[32m       '  [31m|_|\__,_| \_/ \__,_|_|_|_| |_|_|\_\[32m / / / /
[0m    =========================================[32m/_/_/_/[0m

	Version:        44fcfdf945fc6cd9ce6c96480d3b7dc098897a51-SNAPSHOT
	Build:          Unofficial
	Build time:     01.04.2021 09:53:06 UTC
	Branch          dev
	Commit:         44fcfdf
	Commit time:    01.04.2021 08:19:05 UTC
	JVM:            16.0.2
	Lavaplayer      1.3.74

2021-10-06 08:15:54.651  INFO 13396 --- [main] lavalink.server.Launcher                 : Starting Launcher on DESKTOP-HUO1T7O with PID 13396 (C:\Users\Jamaika\Desktop\Groot Reborn\Lavalink.jar started by Jamaika in C:\Users\Jamaika\Desktop\Groot Reborn)
2021-10-06 08:15:54.651  INFO 13396 --- [main] lavalink.server.Launcher                 : No active profile set, falling back to default profiles: default
2021-10-06 08:15:54.778  WARN 13396 --- [background-preinit] o.s.h.c.j.Jackson2ObjectMapperBuilder    : For Jackson Kotlin classes support please add "com.fasterxml.jackson.module:jackson-module-kotlin" to the classpath
2021-10-06 08:15:55.863  WARN 13396 --- [main] io.undertow.websockets.jsr               : UT026010: Buffer pool was not set on WebSocketDeploymentInfo, the default pool will be used
2021-10-06 08:15:55.895  INFO 13396 --- [main] io.undertow.servlet                      : Initializing Spring embedded WebApplicationContext
2021-10-06 08:15:55.896  INFO 13396 --- [main] o.s.web.context.ContextLoader            : Root WebApplicationContext: initialization completed in 1194 ms
2021-10-06 08:15:56.295  WARN 13396 --- [main] l.server.config.SentryConfiguration      : Turning off sentry
2021-10-06 08:15:56.591  INFO 13396 --- [main] c.s.d.l.tools.GarbageCollectionMonitor   : GC monitoring enabled, reporting results every 2 minutes.
2021-10-06 08:15:56.817  INFO 13396 --- [main] lavalink.server.config.KoeConfiguration  : OS: Windows 10, Arch: amd64
2021-10-06 08:15:56.818  WARN 13396 --- [main] lavalink.server.config.KoeConfiguration  : This system and architecture appears to not support native audio sending! GC pauses may cause your bot to stutter during playback.
2021-10-06 08:15:57.062  INFO 13396 --- [main] o.s.s.concurrent.ThreadPoolTaskExecutor  : Initializing ExecutorService 'applicationTaskExecutor'
2021-10-06 08:15:57.407  INFO 13396 --- [main] org.xnio                                 : XNIO version 3.3.8.Final
2021-10-06 08:15:57.420  INFO 13396 --- [main] org.xnio.nio                             : XNIO NIO Implementation Version 3.3.8.Final
2021-10-06 08:15:57.496  INFO 13396 --- [main] o.s.b.w.e.u.UndertowServletWebServer     : Undertow started on port(s) 2333 (http) with context path ''
2021-10-06 08:15:57.500  INFO 13396 --- [main] lavalink.server.Launcher                 : Started Launcher in 3.46 seconds (JVM running for 3.959)
2021-10-06 08:15:57.503  INFO 13396 --- [main] lavalink.server.Launcher                 : You can safely ignore the big red warning about illegal reflection. See https://github.com/Frederikam/Lavalink/issues/295
2021-10-06 08:16:49.678  INFO 5460 --- [main] lavalink.server.Launcher                 : 

[32m       .  [31m _                  _ _       _    [32m__ _ _
[32m      /\\ [31m| | __ ___   ____ _| (_)_ __ | | __[32m\ \ \ \
[32m     ( ( )[31m| |/ _` \ \ / / _` | | | '_ \| |/ /[32m \ \ \ \
[32m      \\/ [31m| | (_| |\ V / (_| | | | | | |   < [32m  ) ) ) )
[32m       '  [31m|_|\__,_| \_/ \__,_|_|_|_| |_|_|\_\[32m / / / /
[0m    =========================================[32m/_/_/_/[0m

	Version:        44fcfdf945fc6cd9ce6c96480d3b7dc098897a51-SNAPSHOT
	Build:          Unofficial
	Build time:     01.04.2021 09:53:06 UTC
	Branch          dev
	Commit:         44fcfdf
	Commit time:    01.04.2021 08:19:05 UTC
	JVM:            16.0.2
	Lavaplayer      1.3.74

2021-10-06 08:16:49.784  INFO 5460 --- [main] lavalink.server.Launcher                 : Starting Launcher on DESKTOP-HUO1T7O with PID 5460 (C:\Users\Jamaika\Desktop\Groot Reborn\Lavalink.jar started by Jamaika in C:\Users\Jamaika\Desktop\Groot Reborn)
2021-10-06 08:16:49.785  INFO 5460 --- [main] lavalink.server.Launcher                 : No active profile set, falling back to default profiles: default
2021-10-06 08:16:49.894  WARN 5460 --- [background-preinit] o.s.h.c.j.Jackson2ObjectMapperBuilder    : For Jackson Kotlin classes support please add "com.fasterxml.jackson.module:jackson-module-kotlin" to the classpath
2021-10-06 08:16:50.983  WARN 5460 --- [main] io.undertow.websockets.jsr               : UT026010: Buffer pool was not set on WebSocketDeploymentInfo, the default pool will be used
2021-10-06 08:16:51.013  INFO 5460 --- [main] io.undertow.servlet                      : Initializing Spring embedded WebApplicationContext
2021-10-06 08:16:51.013  INFO 5460 --- [main] o.s.web.context.ContextLoader            : Root WebApplicationContext: initialization completed in 1181 ms
2021-10-06 08:16:51.409  WARN 5460 --- [main] l.server.config.SentryConfiguration      : Turning off sentry
2021-10-06 08:16:51.695  INFO 5460 --- [main] c.s.d.l.tools.GarbageCollectionMonitor   : GC monitoring enabled, reporting results every 2 minutes.
2021-10-06 08:16:51.899  INFO 5460 --- [main] lavalink.server.config.KoeConfiguration  : OS: Windows 10, Arch: amd64
2021-10-06 08:16:51.899  WARN 5460 --- [main] lavalink.server.config.KoeConfiguration  : This system and architecture appears to not support native audio sending! GC pauses may cause your bot to stutter during playback.
2021-10-06 08:16:52.139  INFO 5460 --- [main] o.s.s.concurrent.ThreadPoolTaskExecutor  : Initializing ExecutorService 'applicationTaskExecutor'
2021-10-06 08:16:52.460  INFO 5460 --- [main] org.xnio                                 : XNIO version 3.3.8.Final
2021-10-06 08:16:52.472  INFO 5460 --- [main] org.xnio.nio                             : XNIO NIO Implementation Version 3.3.8.Final
2021-10-06 08:16:52.537  INFO 5460 --- [main] o.s.b.w.e.u.UndertowServletWebServer     : Undertow started on port(s) 2333 (http) with context path ''
2021-10-06 08:16:52.542  INFO 5460 --- [main] lavalink.server.Launcher                 : Started Launcher in 3.382 seconds (JVM running for 3.875)
2021-10-06 08:16:52.544  INFO 5460 --- [main] lavalink.server.Launcher                 : You can safely ignore the big red warning about illegal reflection. See https://github.com/Frederikam/Lavalink/issues/295
2021-10-06 08:27:52.090  INFO 14176 --- [main] lavalink.server.Launcher                 : 

[32m       .  [31m _                  _ _       _    [32m__ _ _
[32m      /\\ [31m| | __ ___   ____ _| (_)_ __ | | __[32m\ \ \ \
[32m     ( ( )[31m| |/ _` \ \ / / _` | | | '_ \| |/ /[32m \ \ \ \
[32m      \\/ [31m| | (_| |\ V / (_| | | | | | |   < [32m  ) ) ) )
[32m       '  [31m|_|\__,_| \_/ \__,_|_|_|_| |_|_|\_\[32m / / / /
[0m    =========================================[32m/_/_/_/[0m

	Version:        44fcfdf945fc6cd9ce6c96480d3b7dc098897a51-SNAPSHOT
	Build:          Unofficial
	Build time:     01.04.2021 09:53:06 UTC
	Branch          dev
	Commit:         44fcfdf
	Commit time:    01.04.2021 08:19:05 UTC
	JVM:            16.0.2
	Lavaplayer      1.3.74

2021-10-06 08:27:52.197  INFO 14176 --- [main] lavalink.server.Launcher                 : Starting Launcher on DESKTOP-HUO1T7O with PID 14176 (C:\Users\Jamaika\Desktop\Groot Reborn\Lavalink.jar started by Jamaika in C:\Users\Jamaika\Desktop\Groot Reborn)
2021-10-06 08:27:52.198  INFO 14176 --- [main] lavalink.server.Launcher                 : No active profile set, falling back to default profiles: default
2021-10-06 08:27:52.307  WARN 14176 --- [background-preinit] o.s.h.c.j.Jackson2ObjectMapperBuilder    : For Jackson Kotlin classes support please add "com.fasterxml.jackson.module:jackson-module-kotlin" to the classpath
2021-10-06 08:27:53.407  WARN 14176 --- [main] io.undertow.websockets.jsr               : UT026010: Buffer pool was not set on WebSocketDeploymentInfo, the default pool will be used
2021-10-06 08:27:53.441  INFO 14176 --- [main] io.undertow.servlet                      : Initializing Spring embedded WebApplicationContext
2021-10-06 08:27:53.442  INFO 14176 --- [main] o.s.web.context.ContextLoader            : Root WebApplicationContext: initialization completed in 1195 ms
2021-10-06 08:27:53.832  WARN 14176 --- [main] l.server.config.SentryConfiguration      : Turning off sentry
2021-10-06 08:27:54.119  INFO 14176 --- [main] c.s.d.l.tools.GarbageCollectionMonitor   : GC monitoring enabled, reporting results every 2 minutes.
2021-10-06 08:27:54.330  INFO 14176 --- [main] lavalink.server.config.KoeConfiguration  : OS: Windows 10, Arch: amd64
2021-10-06 08:27:54.331  WARN 14176 --- [main] lavalink.server.config.KoeConfiguration  : This system and architecture appears to not support native audio sending! GC pauses may cause your bot to stutter during playback.
2021-10-06 08:27:54.572  INFO 14176 --- [main] o.s.s.concurrent.ThreadPoolTaskExecutor  : Initializing ExecutorService 'applicationTaskExecutor'
2021-10-06 08:27:54.897  INFO 14176 --- [main] org.xnio                                 : XNIO version 3.3.8.Final
2021-10-06 08:27:54.909  INFO 14176 --- [main] org.xnio.nio                             : XNIO NIO Implementation Version 3.3.8.Final
2021-10-06 08:27:54.984  INFO 14176 --- [main] o.s.b.w.e.u.UndertowServletWebServer     : Undertow started on port(s) 2333 (http) with context path ''
2021-10-06 08:27:54.990  INFO 14176 --- [main] lavalink.server.Launcher                 : Started Launcher in 3.41 seconds (JVM running for 3.903)
2021-10-06 08:27:54.992  INFO 14176 --- [main] lavalink.server.Launcher                 : You can safely ignore the big red warning about illegal reflection. See https://github.com/Frederikam/Lavalink/issues/295
2021-10-06 08:40:39.627  INFO 2164 --- [main] lavalink.server.Launcher                 : 

[32m       .  [31m _                  _ _       _    [32m__ _ _
[32m      /\\ [31m| | __ ___   ____ _| (_)_ __ | | __[32m\ \ \ \
[32m     ( ( )[31m| |/ _` \ \ / / _` | | | '_ \| |/ /[32m \ \ \ \
[32m      \\/ [31m| | (_| |\ V / (_| | | | | | |   < [32m  ) ) ) )
[32m       '  [31m|_|\__,_| \_/ \__,_|_|_|_| |_|_|\_\[32m / / / /
[0m    =========================================[32m/_/_/_/[0m

	Version:        44fcfdf945fc6cd9ce6c96480d3b7dc098897a51-SNAPSHOT
	Build:          Unofficial
	Build time:     01.04.2021 09:53:06 UTC
	Branch          dev
	Commit:         44fcfdf
	Commit time:    01.04.2021 08:19:05 UTC
	JVM:            16.0.2
	Lavaplayer      1.3.74

2021-10-06 08:40:39.735  INFO 2164 --- [main] lavalink.server.Launcher                 : Starting Launcher on DESKTOP-HUO1T7O with PID 2164 (C:\Users\Jamaika\Desktop\Groot Reborn\Lavalink.jar started by Jamaika in C:\Users\Jamaika\Desktop\Groot Reborn)
2021-10-06 08:40:39.735  INFO 2164 --- [main] lavalink.server.Launcher                 : No active profile set, falling back to default profiles: default
2021-10-06 08:40:39.863  WARN 2164 --- [background-preinit] o.s.h.c.j.Jackson2ObjectMapperBuilder    : For Jackson Kotlin classes support please add "com.fasterxml.jackson.module:jackson-module-kotlin" to the classpath
2021-10-06 08:40:40.914  WARN 2164 --- [main] io.undertow.websockets.jsr               : UT026010: Buffer pool was not set on WebSocketDeploymentInfo, the default pool will be used
2021-10-06 08:40:40.947  INFO 2164 --- [main] io.undertow.servlet                      : Initializing Spring embedded WebApplicationContext
2021-10-06 08:40:40.947  INFO 2164 --- [main] o.s.web.context.ContextLoader            : Root WebApplicationContext: initialization completed in 1164 ms
2021-10-06 08:40:41.318  WARN 2164 --- [main] l.server.config.SentryConfiguration      : Turning off sentry
2021-10-06 08:40:41.607  INFO 2164 --- [main] c.s.d.l.tools.GarbageCollectionMonitor   : GC monitoring enabled, reporting results every 2 minutes.
2021-10-06 08:40:41.808  INFO 2164 --- [main] lavalink.server.config.KoeConfiguration  : OS: Windows 10, Arch: amd64
2021-10-06 08:40:41.808  WARN 2164 --- [main] lavalink.server.config.KoeConfiguration  : This system and architecture appears to not support native audio sending! GC pauses may cause your bot to stutter during playback.
2021-10-06 08:40:42.046  INFO 2164 --- [main] o.s.s.concurrent.ThreadPoolTaskExecutor  : Initializing ExecutorService 'applicationTaskExecutor'
2021-10-06 08:40:42.363  INFO 2164 --- [main] org.xnio                                 : XNIO version 3.3.8.Final
2021-10-06 08:40:42.376  INFO 2164 --- [main] org.xnio.nio                             : XNIO NIO Implementation Version 3.3.8.Final
2021-10-06 08:40:42.441  INFO 2164 --- [main] o.s.b.w.e.u.UndertowServletWebServer     : Undertow started on port(s) 2333 (http) with context path ''
2021-10-06 08:40:42.445  INFO 2164 --- [main] lavalink.server.Launcher                 : Started Launcher in 3.322 seconds (JVM running for 3.832)
2021-10-06 08:40:42.448  INFO 2164 --- [main] lavalink.server.Launcher                 : You can safely ignore the big red warning about illegal reflection. See https://github.com/Frederikam/Lavalink/issues/295
2021-10-06 09:00:51.311  INFO 11468 --- [main] lavalink.server.Launcher                 : 

[32m       .  [31m _                  _ _       _    [32m__ _ _
[32m      /\\ [31m| | __ ___   ____ _| (_)_ __ | | __[32m\ \ \ \
[32m     ( ( )[31m| |/ _` \ \ / / _` | | | '_ \| |/ /[32m \ \ \ \
[32m      \\/ [31m| | (_| |\ V / (_| | | | | | |   < [32m  ) ) ) )
[32m       '  [31m|_|\__,_| \_/ \__,_|_|_|_| |_|_|\_\[32m / / / /
[0m    =========================================[32m/_/_/_/[0m

	Version:        44fcfdf945fc6cd9ce6c96480d3b7dc098897a51-SNAPSHOT
	Build:          Unofficial
	Build time:     01.04.2021 09:53:06 UTC
	Branch          dev
	Commit:         44fcfdf
	Commit time:    01.04.2021 08:19:05 UTC
	JVM:            16.0.2
	Lavaplayer      1.3.74

2021-10-06 09:00:51.412  INFO 11468 --- [main] lavalink.server.Launcher                 : Starting Launcher on DESKTOP-HUO1T7O with PID 11468 (C:\Users\Jamaika\Desktop\Groot Reborn\Lavalink.jar started by Jamaika in C:\Users\Jamaika\Desktop\Groot Reborn)
2021-10-06 09:00:51.413  INFO 11468 --- [main] lavalink.server.Launcher                 : No active profile set, falling back to default profiles: default
2021-10-06 09:00:51.518  WARN 11468 --- [background-preinit] o.s.h.c.j.Jackson2ObjectMapperBuilder    : For Jackson Kotlin classes support please add "com.fasterxml.jackson.module:jackson-module-kotlin" to the classpath
2021-10-06 09:00:52.555  WARN 11468 --- [main] io.undertow.websockets.jsr               : UT026010: Buffer pool was not set on WebSocketDeploymentInfo, the default pool will be used
2021-10-06 09:00:52.587  INFO 11468 --- [main] io.undertow.servlet                      : Initializing Spring embedded WebApplicationContext
2021-10-06 09:00:52.588  INFO 11468 --- [main] o.s.web.context.ContextLoader            : Root WebApplicationContext: initialization completed in 1127 ms
2021-10-06 09:00:52.956  WARN 11468 --- [main] l.server.config.SentryConfiguration      : Turning off sentry
2021-10-06 09:00:53.233  INFO 11468 --- [main] c.s.d.l.tools.GarbageCollectionMonitor   : GC monitoring enabled, reporting results every 2 minutes.
2021-10-06 09:00:53.424  INFO 11468 --- [main] lavalink.server.config.KoeConfiguration  : OS: Windows 10, Arch: amd64
2021-10-06 09:00:53.424  WARN 11468 --- [main] lavalink.server.config.KoeConfiguration  : This system and architecture appears to not support native audio sending! GC pauses may cause your bot to stutter during playback.
2021-10-06 09:00:53.663  INFO 11468 --- [main] o.s.s.concurrent.ThreadPoolTaskExecutor  : Initializing ExecutorService 'applicationTaskExecutor'
2021-10-06 09:00:53.980  INFO 11468 --- [main] org.xnio                                 : XNIO version 3.3.8.Final
2021-10-06 09:00:53.991  INFO 11468 --- [main] org.xnio.nio                             : XNIO NIO Implementation Version 3.3.8.Final
2021-10-06 09:00:54.055  INFO 11468 --- [main] o.s.b.w.e.u.UndertowServletWebServer     : Undertow started on port(s) 2333 (http) with context path ''
2021-10-06 09:00:54.060  INFO 11468 --- [main] lavalink.server.Launcher                 : Started Launcher in 3.243 seconds (JVM running for 3.74)
2021-10-06 09:00:54.062  INFO 11468 --- [main] lavalink.server.Launcher                 : You can safely ignore the big red warning about illegal reflection. See https://github.com/Frederikam/Lavalink/issues/295
2021-10-06 09:01:10.414  INFO 5248 --- [main] lavalink.server.Launcher                 : 

[32m       .  [31m _                  _ _       _    [32m__ _ _
[32m      /\\ [31m| | __ ___   ____ _| (_)_ __ | | __[32m\ \ \ \
[32m     ( ( )[31m| |/ _` \ \ / / _` | | | '_ \| |/ /[32m \ \ \ \
[32m      \\/ [31m| | (_| |\ V / (_| | | | | | |   < [32m  ) ) ) )
[32m       '  [31m|_|\__,_| \_/ \__,_|_|_|_| |_|_|\_\[32m / / / /
[0m    =========================================[32m/_/_/_/[0m

	Version:        44fcfdf945fc6cd9ce6c96480d3b7dc098897a51-SNAPSHOT
	Build:          Unofficial
	Build time:     01.04.2021 09:53:06 UTC
	Branch          dev
	Commit:         44fcfdf
	Commit time:    01.04.2021 08:19:05 UTC
	JVM:            16.0.2
	Lavaplayer      1.3.74

2021-10-06 09:01:10.519  INFO 5248 --- [main] lavalink.server.Launcher                 : Starting Launcher on DESKTOP-HUO1T7O with PID 5248 (C:\Users\Jamaika\Desktop\Groot Reborn\Lavalink.jar started by Jamaika in C:\Users\Jamaika\Desktop\Groot Reborn)
2021-10-06 09:01:10.520  INFO 5248 --- [main] lavalink.server.Launcher                 : No active profile set, falling back to default profiles: default
2021-10-06 09:01:10.653  WARN 5248 --- [background-preinit] o.s.h.c.j.Jackson2ObjectMapperBuilder    : For Jackson Kotlin classes support please add "com.fasterxml.jackson.module:jackson-module-kotlin" to the classpath
2021-10-06 09:01:11.664  WARN 5248 --- [main] io.undertow.websockets.jsr               : UT026010: Buffer pool was not set on WebSocketDeploymentInfo, the default pool will be used
2021-10-06 09:01:11.697  INFO 5248 --- [main] io.undertow.servlet                      : Initializing Spring embedded WebApplicationContext
2021-10-06 09:01:11.697  INFO 5248 --- [main] o.s.web.context.ContextLoader            : Root WebApplicationContext: initialization completed in 1126 ms
2021-10-06 09:01:12.045  WARN 5248 --- [main] l.server.config.SentryConfiguration      : Turning off sentry
2021-10-06 09:01:12.326  INFO 5248 --- [main] c.s.d.l.tools.GarbageCollectionMonitor   : GC monitoring enabled, reporting results every 2 minutes.
2021-10-06 09:01:12.539  INFO 5248 --- [main] lavalink.server.config.KoeConfiguration  : OS: Windows 10, Arch: amd64
2021-10-06 09:01:12.540  WARN 5248 --- [main] lavalink.server.config.KoeConfiguration  : This system and architecture appears to not support native audio sending! GC pauses may cause your bot to stutter during playback.
2021-10-06 09:01:12.764  INFO 5248 --- [main] o.s.s.concurrent.ThreadPoolTaskExecutor  : Initializing ExecutorService 'applicationTaskExecutor'
2021-10-06 09:01:13.077  INFO 5248 --- [main] org.xnio                                 : XNIO version 3.3.8.Final
2021-10-06 09:01:13.089  INFO 5248 --- [main] org.xnio.nio                             : XNIO NIO Implementation Version 3.3.8.Final
2021-10-06 09:01:13.151  INFO 5248 --- [main] o.s.b.w.e.u.UndertowServletWebServer     : Undertow started on port(s) 2333 (http) with context path ''
2021-10-06 09:01:13.155  INFO 5248 --- [main] lavalink.server.Launcher                 : Started Launcher in 3.232 seconds (JVM running for 3.738)
2021-10-06 09:01:13.158  INFO 5248 --- [main] lavalink.server.Launcher                 : You can safely ignore the big red warning about illegal reflection. See https://github.com/Frederikam/Lavalink/issues/295
2021-10-06 09:10:59.109  INFO 2244 --- [main] lavalink.server.Launcher                 : 

[32m       .  [31m _                  _ _       _    [32m__ _ _
[32m      /\\ [31m| | __ ___   ____ _| (_)_ __ | | __[32m\ \ \ \
[32m     ( ( )[31m| |/ _` \ \ / / _` | | | '_ \| |/ /[32m \ \ \ \
[32m      \\/ [31m| | (_| |\ V / (_| | | | | | |   < [32m  ) ) ) )
[32m       '  [31m|_|\__,_| \_/ \__,_|_|_|_| |_|_|\_\[32m / / / /
[0m    =========================================[32m/_/_/_/[0m

	Version:        44fcfdf945fc6cd9ce6c96480d3b7dc098897a51-SNAPSHOT
	Build:          Unofficial
	Build time:     01.04.2021 09:53:06 UTC
	Branch          dev
	Commit:         44fcfdf
	Commit time:    01.04.2021 08:19:05 UTC
	JVM:            16.0.2
	Lavaplayer      1.3.74

2021-10-06 09:10:59.212  INFO 2244 --- [main] lavalink.server.Launcher                 : Starting Launcher on DESKTOP-HUO1T7O with PID 2244 (C:\Users\Jamaika\Desktop\Groot Reborn\Lavalink.jar started by Jamaika in C:\Users\Jamaika\Desktop\Groot Reborn)
2021-10-06 09:10:59.213  INFO 2244 --- [main] lavalink.server.Launcher                 : No active profile set, falling back to default profiles: default
2021-10-06 09:10:59.335  WARN 2244 --- [background-preinit] o.s.h.c.j.Jackson2ObjectMapperBuilder    : For Jackson Kotlin classes support please add "com.fasterxml.jackson.module:jackson-module-kotlin" to the classpath
2021-10-06 09:11:00.438  WARN 2244 --- [main] io.undertow.websockets.jsr               : UT026010: Buffer pool was not set on WebSocketDeploymentInfo, the default pool will be used
2021-10-06 09:11:00.470  INFO 2244 --- [main] io.undertow.servlet                      : Initializing Spring embedded WebApplicationContext
2021-10-06 09:11:00.470  INFO 2244 --- [main] o.s.web.context.ContextLoader            : Root WebApplicationContext: initialization completed in 1209 ms
2021-10-06 09:11:00.851  WARN 2244 --- [main] l.server.config.SentryConfiguration      : Turning off sentry
2021-10-06 09:11:01.132  INFO 2244 --- [main] c.s.d.l.tools.GarbageCollectionMonitor   : GC monitoring enabled, reporting results every 2 minutes.
2021-10-06 09:11:01.330  INFO 2244 --- [main] lavalink.server.config.KoeConfiguration  : OS: Windows 10, Arch: amd64
2021-10-06 09:11:01.330  WARN 2244 --- [main] lavalink.server.config.KoeConfiguration  : This system and architecture appears to not support native audio sending! GC pauses may cause your bot to stutter during playback.
2021-10-06 09:11:01.570  INFO 2244 --- [main] o.s.s.concurrent.ThreadPoolTaskExecutor  : Initializing ExecutorService 'applicationTaskExecutor'
2021-10-06 09:11:01.887  INFO 2244 --- [main] org.xnio                                 : XNIO version 3.3.8.Final
2021-10-06 09:11:01.900  INFO 2244 --- [main] org.xnio.nio                             : XNIO NIO Implementation Version 3.3.8.Final
2021-10-06 09:11:01.969  INFO 2244 --- [main] o.s.b.w.e.u.UndertowServletWebServer     : Undertow started on port(s) 2333 (http) with context path ''
2021-10-06 09:11:01.974  INFO 2244 --- [main] lavalink.server.Launcher                 : Started Launcher in 3.363 seconds (JVM running for 3.861)
2021-10-06 09:11:01.976  INFO 2244 --- [main] lavalink.server.Launcher                 : You can safely ignore the big red warning about illegal reflection. See https://github.com/Frederikam/Lavalink/issues/295
2021-10-06 09:17:33.173  INFO 11604 --- [main] lavalink.server.Launcher                 : 

[32m       .  [31m _                  _ _       _    [32m__ _ _
[32m      /\\ [31m| | __ ___   ____ _| (_)_ __ | | __[32m\ \ \ \
[32m     ( ( )[31m| |/ _` \ \ / / _` | | | '_ \| |/ /[32m \ \ \ \
[32m      \\/ [31m| | (_| |\ V / (_| | | | | | |   < [32m  ) ) ) )
[32m       '  [31m|_|\__,_| \_/ \__,_|_|_|_| |_|_|\_\[32m / / / /
[0m    =========================================[32m/_/_/_/[0m

	Version:        44fcfdf945fc6cd9ce6c96480d3b7dc098897a51-SNAPSHOT
	Build:          Unofficial
	Build time:     01.04.2021 09:53:06 UTC
	Branch          dev
	Commit:         44fcfdf
	Commit time:    01.04.2021 08:19:05 UTC
	JVM:            16.0.2
	Lavaplayer      1.3.74

2021-10-06 09:17:33.284  INFO 11604 --- [main] lavalink.server.Launcher                 : Starting Launcher on DESKTOP-HUO1T7O with PID 11604 (C:\Users\Jamaika\Desktop\Groot Reborn\Lavalink.jar started by Jamaika in C:\Users\Jamaika\Desktop\Groot Reborn)
2021-10-06 09:17:33.285  INFO 11604 --- [main] lavalink.server.Launcher                 : No active profile set, falling back to default profiles: default
2021-10-06 09:17:33.438  WARN 11604 --- [background-preinit] o.s.h.c.j.Jackson2ObjectMapperBuilder    : For Jackson Kotlin classes support please add "com.fasterxml.jackson.module:jackson-module-kotlin" to the classpath
2021-10-06 09:17:34.517  WARN 11604 --- [main] io.undertow.websockets.jsr               : UT026010: Buffer pool was not set on WebSocketDeploymentInfo, the default pool will be used
2021-10-06 09:17:34.554  INFO 11604 --- [main] io.undertow.servlet                      : Initializing Spring embedded WebApplicationContext
2021-10-06 09:17:34.554  INFO 11604 --- [main] o.s.web.context.ContextLoader            : Root WebApplicationContext: initialization completed in 1218 ms
2021-10-06 09:17:34.937  WARN 11604 --- [main] l.server.config.SentryConfiguration      : Turning off sentry
2021-10-06 09:17:35.216  INFO 11604 --- [main] c.s.d.l.tools.GarbageCollectionMonitor   : GC monitoring enabled, reporting results every 2 minutes.
2021-10-06 09:17:35.427  INFO 11604 --- [main] lavalink.server.config.KoeConfiguration  : OS: Windows 10, Arch: amd64
2021-10-06 09:17:35.428  WARN 11604 --- [main] lavalink.server.config.KoeConfiguration  : This system and architecture appears to not support native audio sending! GC pauses may cause your bot to stutter during playback.
2021-10-06 09:17:35.676  INFO 11604 --- [main] o.s.s.concurrent.ThreadPoolTaskExecutor  : Initializing ExecutorService 'applicationTaskExecutor'
2021-10-06 09:17:35.995  INFO 11604 --- [main] org.xnio                                 : XNIO version 3.3.8.Final
2021-10-06 09:17:36.007  INFO 11604 --- [main] org.xnio.nio                             : XNIO NIO Implementation Version 3.3.8.Final
2021-10-06 09:17:36.077  INFO 11604 --- [main] o.s.b.w.e.u.UndertowServletWebServer     : Undertow started on port(s) 2333 (http) with context path ''
2021-10-06 09:17:36.081  INFO 11604 --- [main] lavalink.server.Launcher                 : Started Launcher in 3.398 seconds (JVM running for 3.894)
2021-10-06 09:17:36.083  INFO 11604 --- [main] lavalink.server.Launcher                 : You can safely ignore the big red warning about illegal reflection. See https://github.com/Frederikam/Lavalink/issues/295
2021-10-06 09:22:53.913  INFO 13284 --- [main] lavalink.server.Launcher                 : 

[32m       .  [31m _                  _ _       _    [32m__ _ _
[32m      /\\ [31m| | __ ___   ____ _| (_)_ __ | | __[32m\ \ \ \
[32m     ( ( )[31m| |/ _` \ \ / / _` | | | '_ \| |/ /[32m \ \ \ \
[32m      \\/ [31m| | (_| |\ V / (_| | | | | | |   < [32m  ) ) ) )
[32m       '  [31m|_|\__,_| \_/ \__,_|_|_|_| |_|_|\_\[32m / / / /
[0m    =========================================[32m/_/_/_/[0m

	Version:        44fcfdf945fc6cd9ce6c96480d3b7dc098897a51-SNAPSHOT
	Build:          Unofficial
	Build time:     01.04.2021 09:53:06 UTC
	Branch          dev
	Commit:         44fcfdf
	Commit time:    01.04.2021 08:19:05 UTC
	JVM:            16.0.2
	Lavaplayer      1.3.74

2021-10-06 09:22:54.027  INFO 13284 --- [main] lavalink.server.Launcher                 : Starting Launcher on DESKTOP-HUO1T7O with PID 13284 (C:\Users\Jamaika\Desktop\Groot Reborn\Lavalink.jar started by Jamaika in C:\Users\Jamaika\Desktop\Groot Reborn)
2021-10-06 09:22:54.027  INFO 13284 --- [main] lavalink.server.Launcher                 : No active profile set, falling back to default profiles: default
2021-10-06 09:22:54.155  WARN 13284 --- [background-preinit] o.s.h.c.j.Jackson2ObjectMapperBuilder    : For Jackson Kotlin classes support please add "com.fasterxml.jackson.module:jackson-module-kotlin" to the classpath
2021-10-06 09:22:55.315  WARN 13284 --- [main] io.undertow.websockets.jsr               : UT026010: Buffer pool was not set on WebSocketDeploymentInfo, the default pool will be used
2021-10-06 09:22:55.362  INFO 13284 --- [main] io.undertow.servlet                      : Initializing Spring embedded WebApplicationContext
2021-10-06 09:22:55.363  INFO 13284 --- [main] o.s.web.context.ContextLoader            : Root WebApplicationContext: initialization completed in 1287 ms
2021-10-06 09:22:55.977  WARN 13284 --- [main] l.server.config.SentryConfiguration      : Turning off sentry
2021-10-06 09:22:56.356  INFO 13284 --- [main] c.s.d.l.tools.GarbageCollectionMonitor   : GC monitoring enabled, reporting results every 2 minutes.
2021-10-06 09:22:56.654  INFO 13284 --- [main] lavalink.server.config.KoeConfiguration  : OS: Windows 10, Arch: amd64
2021-10-06 09:22:56.654  WARN 13284 --- [main] lavalink.server.config.KoeConfiguration  : This system and architecture appears to not support native audio sending! GC pauses may cause your bot to stutter during playback.
2021-10-06 09:22:56.907  INFO 13284 --- [main] o.s.s.concurrent.ThreadPoolTaskExecutor  : Initializing ExecutorService 'applicationTaskExecutor'
2021-10-06 09:22:57.324  INFO 13284 --- [main] org.xnio                                 : XNIO version 3.3.8.Final
2021-10-06 09:22:57.342  INFO 13284 --- [main] org.xnio.nio                             : XNIO NIO Implementation Version 3.3.8.Final
2021-10-06 09:22:57.426  INFO 13284 --- [main] o.s.b.w.e.u.UndertowServletWebServer     : Undertow started on port(s) 2333 (http) with context path ''
2021-10-06 09:22:57.432  INFO 13284 --- [main] lavalink.server.Launcher                 : Started Launcher in 4.052 seconds (JVM running for 4.565)
2021-10-06 09:22:57.436  INFO 13284 --- [main] lavalink.server.Launcher                 : You can safely ignore the big red warning about illegal reflection. See https://github.com/Frederikam/Lavalink/issues/295
